<?xml version="1.0" encoding="UTF-8"?>
<!-- Generated by org.testng.reporters.JUnitReportReporter -->
<testsuite skipped="0" hostname="Charu" name="com.actitime.login.Remo" tests="1" failures="0" timestamp="2020-08-09T19:29:09 IST" time="0.008" errors="0">
  <testcase name="run" time="0.008" classname="com.actitime.login.Remo"/>
  <system-out>
Run  </system-out>
</testsuite> <!-- com.actitime.login.Remo -->
