<?xml version="1.0" encoding="UTF-8"?>
<!-- Generated by org.testng.reporters.JUnitReportReporter -->
<testsuite skipped="0" hostname="Charu" name="com.actitime.login.Demo" tests="1" failures="0" timestamp="2020-06-29T10:06:55 IST" time="0.038" errors="0">
  <testcase name="login" time="0.038" classname="com.actitime.login.Demo"/>
  <system-out>
script is running successfully  </system-out>
</testsuite> <!-- com.actitime.login.Demo -->
