<?xml version="1.0" encoding="UTF-8"?>
<!-- Generated by org.testng.reporters.JUnitReportReporter -->
<testsuite name="com.actitime.login.Demo" tests="1" time="0.319" ignored="0" failures="0" timestamp="09 Aug 2020 14:05:26 GMT" skipped="0" hostname="Charu" errors="0">
  <testcase name="login" time="0.319" classname="com.actitime.login.Demo"/>
</testsuite> <!-- com.actitime.login.Demo -->
